<?xml version="1.0" encoding="UTF-8"?>
<testsuite name="tests.LoginTests" tests="1" skipped="0" failures="0" errors="0" timestamp="2023-03-23T19:47:24" hostname="DESKTOP-670P0FC" time="0.564">
  <properties/>
  <testcase name="loginNegativeTestWrongEmail" classname="tests.LoginTests" time="0.564"/>
  <system-out><![CDATA[]]></system-out>
  <system-err><![CDATA[]]></system-err>
</testsuite>
